\BOOKMARK [0][-]{chapter.1}{\376\377\000I\000n\000t\000r\000o\000d\000u\000z\000i\000o\000n\000e}{}% 1
\BOOKMARK [0][-]{chapter.2}{\376\377\000S\000t\000o\000r\000i\000a}{}% 2
\BOOKMARK [1][-]{section.2.1}{\376\377\000L\000a\000\040\000n\000a\000s\000c\000i\000t\000a\000\040\000d\000e\000l\000l\000a\000\040\000c\000o\000m\000u\000n\000i\000c\000a\000z\000i\000o\000n\000e\000\040\000i\000n\000\040\000t\000e\000m\000p\000o\000\040\000r\000e\000a\000l\000e}{chapter.2}% 3
\BOOKMARK [1][-]{section.2.2}{\376\377\000V\000o\000I\000P}{chapter.2}% 4
\BOOKMARK [1][-]{section.2.3}{\376\377\000R\000T\000M\000P}{chapter.2}% 5
\BOOKMARK [1][-]{section.2.4}{\376\377\000I\000l\000\040\000p\000r\000o\000b\000l\000e\000m\000a}{chapter.2}% 6
\BOOKMARK [1][-]{section.2.5}{\376\377\000W\000e\000b\000R\000T\000C}{chapter.2}% 7
\BOOKMARK [1][-]{section.2.6}{\376\377\000W\000e\000b\000S\000o\000c\000k\000e\000t}{chapter.2}% 8
\BOOKMARK [2][-]{subsection.2.6.1}{\376\377\000W\000e\000b\000R\000T\000C\000\040\000e\000\040\000W\000e\000b\000S\000o\000c\000k\000e\000t}{section.2.6}% 9
\BOOKMARK [0][-]{chapter.3}{\376\377\000S\000t\000r\000u\000t\000t\000u\000r\000a\000\040\000e\000\040\000F\000u\000n\000z\000i\000o\000n\000a\000m\000e\000n\000t\000o\000\040\000d\000i\000\040\000W\000e\000b\000R\000T\000C}{}% 10
\BOOKMARK [1][-]{section.3.1}{\376\377\000A\000r\000c\000h\000i\000t\000e\000t\000t\000u\000r\000a}{chapter.3}% 11
\BOOKMARK [1][-]{section.3.2}{\376\377\000A\000P\000I}{chapter.3}% 12
\BOOKMARK [2][-]{subsection.3.2.1}{\376\377\000R\000T\000C\000P\000e\000e\000r\000C\000o\000n\000n\000e\000c\000t\000i\000o\000n}{section.3.2}% 13
\BOOKMARK [2][-]{subsection.3.2.2}{\376\377\000R\000T\000C\000D\000a\000t\000a\000C\000h\000a\000n\000n\000e\000l}{section.3.2}% 14
\BOOKMARK [2][-]{subsection.3.2.3}{\376\377\000M\000e\000d\000i\000a\000S\000t\000r\000e\000a\000m}{section.3.2}% 15
\BOOKMARK [2][-]{subsection.3.2.4}{\376\377\000a\000l\000t\000r\000e\000\040\000A\000P\000I}{section.3.2}% 16
\BOOKMARK [1][-]{section.3.3}{\376\377\000P\000r\000o\000t\000o\000c\000o\000l\000l\000i}{chapter.3}% 17
\BOOKMARK [2][-]{subsection.3.3.1}{\376\377\000T\000r\000a\000s\000p\000o\000r\000t\000o}{section.3.3}% 18
\BOOKMARK [2][-]{subsection.3.3.2}{\376\377\000I\000n\000s\000t\000r\000a\000d\000a\000m\000e\000n\000t\000o}{section.3.3}% 19
\BOOKMARK [2][-]{subsection.3.3.3}{\376\377\000a\000l\000t\000r\000i\000\040\000p\000r\000o\000t\000o\000c\000o\000l\000l\000i}{section.3.3}% 20
\BOOKMARK [1][-]{section.3.4}{\376\377\000F\000u\000n\000z\000i\000o\000n\000a\000m\000e\000n\000t\000o}{chapter.3}% 21
\BOOKMARK [2][-]{subsection.3.4.1}{\376\377\000S\000i\000g\000n\000a\000l\000i\000n\000g}{section.3.4}% 22
\BOOKMARK [2][-]{subsection.3.4.2}{\376\377\000S\000i\000g\000n\000a\000l\000i\000n\000g\000\040\000c\000o\000n\000\040\000W\000e\000b\000S\000o\000c\000k\000e\000t}{section.3.4}% 23
\BOOKMARK [2][-]{subsection.3.4.3}{\376\377\000C\000o\000n\000n\000e\000s\000s\000i\000o\000n\000e}{section.3.4}% 24
\BOOKMARK [1][-]{section.3.5}{\376\377\000S\000u\000p\000p\000o\000r\000t\000o}{chapter.3}% 25
\BOOKMARK [2][-]{subsection.3.5.1}{\376\377\000B\000r\000o\000w\000s\000e\000r}{section.3.5}% 26
\BOOKMARK [2][-]{subsection.3.5.2}{\376\377\000M\000o\000b\000i\000l\000e}{section.3.5}% 27
\BOOKMARK [1][-]{section.3.6}{\376\377\000S\000i\000c\000u\000r\000e\000z\000z\000a}{chapter.3}% 28
\BOOKMARK [2][-]{subsection.3.6.1}{\376\377\000U\000n\000\040\000p\000o\000s\000s\000i\000b\000i\000l\000e\000\040\000a\000t\000t\000a\000c\000c\000o}{section.3.6}% 29
\BOOKMARK [0][-]{chapter.4}{\376\377\000A\000p\000p\000l\000i\000c\000a\000z\000i\000o\000n\000i}{}% 30
\BOOKMARK [1][-]{section.4.1}{\376\377\000C\000o\000s\000t\000i\000\040\000e\000\040\000I\000m\000p\000l\000e\000m\000e\000n\000t\000a\000z\000i\000o\000n\000e}{chapter.4}% 31
\BOOKMARK [1][-]{section.4.2}{\376\377\000C\000a\000s\000i\000\040\000d\000'\000U\000s\000o}{chapter.4}% 32
\BOOKMARK [2][-]{subsection.4.2.1}{\376\377\000R\000i\000u\000n\000i\000o\000n\000i\000\040\000e\000\040\000D\000i\000d\000a\000t\000t\000i\000c\000a\000\040\000a\000\040\000D\000i\000s\000t\000a\000n\000z\000a}{section.4.2}% 33
\BOOKMARK [2][-]{subsection.4.2.2}{\376\377\000I\000o\000T}{section.4.2}% 34
\BOOKMARK [2][-]{subsection.4.2.3}{\376\377\000A\000s\000s\000i\000s\000t\000e\000n\000z\000a\000\040\000s\000a\000n\000i\000t\000a\000r\000i\000a}{section.4.2}% 35
\BOOKMARK [2][-]{subsection.4.2.4}{\376\377\000G\000i\000o\000c\000h\000i\000\040\000M\000u\000l\000t\000i\000p\000l\000a\000y\000e\000r}{section.4.2}% 36
\BOOKMARK [1][-]{section.4.3}{\376\377\000W\000e\000b\000R\000T\000C\000\040\000c\000o\000n\000t\000r\000o\000\040\000t\000u\000t\000t\000i}{chapter.4}% 37
\BOOKMARK [2][-]{subsection.4.3.1}{\376\377\000T\000e\000a\000m\000s\000\040\000v\000s\000\040\000Z\000o\000o\000m}{section.4.3}% 38
\BOOKMARK [0][-]{chapter.5}{\376\377\000P\000r\000o\000g\000e\000t\000t\000o}{}% 39
\BOOKMARK [1][-]{section.5.1}{\376\377\000I\000n\000t\000r\000o\000d\000u\000z\000i\000o\000n\000e}{chapter.5}% 40
\BOOKMARK [1][-]{section.5.2}{\376\377\000S\000t\000r\000u\000m\000e\000n\000t\000i\000\040\000u\000t\000i\000l\000i\000z\000z\000a\000t\000i}{chapter.5}% 41
\BOOKMARK [1][-]{section.5.3}{\376\377\000F\000u\000n\000z\000i\000o\000n\000a\000m\000e\000n\000t\000o}{chapter.5}% 42
\BOOKMARK [2][-]{subsection.5.3.1}{\376\377\000C\000r\000e\000a\000z\000i\000o\000n\000e\000\040\000C\000e\000r\000t\000i\000f\000i\000c\000a\000t\000o\000\040\000S\000S\000L}{section.5.3}% 43
\BOOKMARK [2][-]{subsection.5.3.2}{\376\377\000L\000a\000t\000o\000\040\000S\000e\000r\000v\000e\000r}{section.5.3}% 44
\BOOKMARK [2][-]{subsection.5.3.3}{\376\377\000L\000a\000t\000o\000\040\000C\000l\000i\000e\000n\000t}{section.5.3}% 45
\BOOKMARK [2][-]{subsection.5.3.4}{\376\377\000W\000e\000b\000p\000a\000c\000k}{section.5.3}% 46
\BOOKMARK [0][-]{chapter.6}{\376\377\000C\000o\000n\000c\000l\000u\000s\000i\000o\000n\000i}{}% 47
\BOOKMARK [0][-]{appendix.A}{\376\377\000V\000P\0008}{}% 48
\BOOKMARK [0][-]{appendix.B}{\376\377\000N\000A\000T}{}% 49
\BOOKMARK [0][-]{appendix.C}{\376\377\000T\000L\000S}{}% 50
